2009/01/08 15:05:24 [1986] building file list
2009/01/08 15:05:25 [1986] <f.sT.... index.html
2009/01/08 15:05:26 [1986] <f+++++++ weh08.pdf
2009/01/08 15:05:26 [1986] <f+++++++ weh08Abstract.html
2009/01/08 15:05:26 [1986] sent 386946 bytes  received 180 bytes  total size 410886
2009/01/08 15:06:04 [1999] building file list
2009/01/08 15:06:04 [1999] <f.sT.... index.html
2009/01/08 15:06:04 [1999] <f..T.... weh08.pdf
2009/01/08 15:06:04 [1999] <f..T.... weh08Abstract.html
2009/01/08 15:06:04 [1999] sent 623 bytes  received 3624 bytes  total size 410892
2009/01/08 15:07:56 [2003] building file list
2009/01/08 15:07:56 [2003] <f..T.... index.html
2009/01/08 15:07:56 [2003] <f..T.... weh08.pdf
2009/01/08 15:07:56 [2003] <f.sT.... weh08Abstract.html
2009/01/08 15:07:56 [2003] sent 621 bytes  received 3624 bytes  total size 410914
2009/01/08 15:08:35 [2008] building file list
2009/01/08 15:08:35 [2008] <f..T.... index.html
2009/01/08 15:08:35 [2008] <f..T.... weh08.pdf
2009/01/08 15:08:35 [2008] <f.sT.... weh08Abstract.html
2009/01/08 15:08:35 [2008] sent 611 bytes  received 3624 bytes  total size 410908
2009/01/08 15:09:01 [2011] building file list
2009/01/08 15:09:01 [2011] <f..T.... index.html
2009/01/08 15:09:01 [2011] <f..T.... weh08.pdf
2009/01/08 15:09:01 [2011] <f.sT.... weh08Abstract.html
2009/01/08 15:09:01 [2011] sent 611 bytes  received 3624 bytes  total size 410876
2010/05/05 16:02:07 [1012] building file list
2010/05/05 16:02:12 [1012] <f+++++++ PSDE86.pdf
2010/05/05 16:02:20 [1012] <f+++++++ TSESI-2009-05-0122-2.pdf
2010/05/05 16:02:36 [1012] <f+++++++ Toplas94.pdf
2010/05/05 16:02:36 [1012] <f.sT.... index.html
2010/05/05 16:02:37 [1012] <f+++++++ oopsla93.pdf
2010/05/05 16:02:37 [1012] <f..T.... tse10Abstract.html
2010/05/05 16:02:37 [1012] <f..T.... weh08.pdf
2010/05/05 16:02:37 [1012] <f..T.... weh08Abstract.html
2010/05/05 16:02:40 [1012] sent 8880063 bytes  received 3758 bytes  total size 10585964
2010/05/05 16:41:13 [1182] building file list
2010/05/05 16:41:14 [1182] <f+++++++ 99-65.pdf
2010/05/05 16:41:16 [1182] <f+++++++ AspectJRefactoring.pdf
2010/05/05 16:41:16 [1182] <f..T.... PSDE86.pdf
2010/05/05 16:41:16 [1182] <f..T.... TSESI-2009-05-0122-2.pdf
2010/05/05 16:41:16 [1182] <f..T.... Toplas94.pdf
2010/05/05 16:41:16 [1182] <f+++++++ cooperation.html
2010/05/05 16:41:17 [1182] <f+++++++ epstw98.pdf
2010/05/05 16:41:17 [1182] <f+++++++ ewspt03.pdf
2010/05/05 16:41:17 [1182] <f+++++++ fse02.pdf
2010/05/05 16:41:18 [1182] <f+++++++ icmas00.pdf
2010/05/05 16:41:18 [1182] <f+++++++ icse00-resources.pdf
2010/05/05 16:41:18 [1182] <f+++++++ icse09-jai.ps
2010/05/05 16:41:18 [1182] <f.sT.... index.html
2010/05/05 16:41:18 [1182] <f+++++++ issta04.pdf
2010/05/05 16:41:18 [1182] <f+++++++ iwsas2000_grupen.pdf
2010/05/05 16:41:20 [1182] <f+++++++ jil.pdf
2010/05/05 16:41:20 [1182] <f..T.... oopsla93.pdf
2010/05/05 16:41:21 [1182] <f+++++++ tods00-tess.pdf
2010/05/05 16:41:21 [1182] <f..T.... tse10Abstract.html
2010/05/05 16:41:23 [1182] <f+++++++ wacc99.pdf
2010/05/05 16:41:23 [1182] <f..T.... weh08.pdf
2010/05/05 16:41:23 [1182] <f..T.... weh08Abstract.html
2010/05/05 16:41:23 [1182] sent 8530924 bytes  received 37384 bytes  total size 37553756
2010/05/05 16:53:05 [1222] building file list
2010/05/05 16:53:06 [1222] <f..T.... 99-65.pdf
2010/05/05 16:53:06 [1222] <f+++++++ 99-71.pdf
2010/05/05 16:53:06 [1222] <f..T.... AspectJRefactoring.pdf
2010/05/05 16:53:06 [1222] <f..T.... PSDE86.pdf
2010/05/05 16:53:06 [1222] <f..T.... TSESI-2009-05-0122-2.pdf
2010/05/05 16:53:06 [1222] <f..T.... Toplas94.pdf
2010/05/05 16:53:06 [1222] <f..T.... cooperation.html
2010/05/05 16:53:06 [1222] <f..T.... epstw98.pdf
2010/05/05 16:53:06 [1222] <f..T.... ewspt03.pdf
2010/05/05 16:53:06 [1222] <f..T.... fse02.pdf
2010/05/05 16:53:06 [1222] <f..T.... icmas00.pdf
2010/05/05 16:53:06 [1222] <f..T.... icse00-resources.pdf
2010/05/05 16:53:06 [1222] <f+++++++ icse98-jai.ps
2010/05/05 16:53:06 [1222] <f.sT.... index.html
2010/05/05 16:53:06 [1222] <f..T.... issta04.pdf
2010/05/05 16:53:06 [1222] <f..T.... iwsas2000_grupen.pdf
2010/05/05 16:53:07 [1222] <f..T.... jil.pdf
2010/05/05 16:53:07 [1222] <f..T.... oopsla93.pdf
2010/05/05 16:53:07 [1222] <f..T.... tods00-tess.pdf
2010/05/05 16:53:07 [1222] <f..T.... tse10Abstract.html
2010/05/05 16:53:07 [1222] <f..T.... wacc99.pdf
2010/05/05 16:53:07 [1222] <f..T.... weh08.pdf
2010/05/05 16:53:07 [1222] <f..T.... weh08Abstract.html
2010/05/05 16:53:08 [1222] sent 284437 bytes  received 108662 bytes  total size 37786663
2010/05/05 16:54:52 [1231] building file list
2010/05/05 16:54:52 [1231] <f..T.... 99-65.pdf
2010/05/05 16:54:53 [1231] <f..T.... 99-71.pdf
2010/05/05 16:54:53 [1231] <f..T.... AspectJRefactoring.pdf
2010/05/05 16:54:53 [1231] <f..T.... PSDE86.pdf
2010/05/05 16:54:53 [1231] <f..T.... TSESI-2009-05-0122-2.pdf
2010/05/05 16:54:53 [1231] <f..T.... Toplas94.pdf
2010/05/05 16:54:53 [1231] <f..T.... cooperation.html
2010/05/05 16:54:53 [1231] <f..T.... epstw98.pdf
2010/05/05 16:54:53 [1231] <f..T.... ewspt03.pdf
2010/05/05 16:54:53 [1231] <f..T.... fse02.pdf
2010/05/05 16:54:53 [1231] <f..T.... icmas00.pdf
2010/05/05 16:54:53 [1231] <f..T.... icse00-resources.pdf
2010/05/05 16:54:53 [1231] <f..T.... icse98-jai.ps
2010/05/05 16:54:53 [1231] <f.sT.... index.html
2010/05/05 16:54:53 [1231] <f..T.... issta04.pdf
2010/05/05 16:54:53 [1231] <f..T.... iwsas2000_grupen.pdf
2010/05/05 16:54:53 [1231] <f..T.... jil.pdf
2010/05/05 16:54:53 [1231] <f..T.... oopsla93.pdf
2010/05/05 16:54:53 [1231] <f..T.... tods00-tess.pdf
2010/05/05 16:54:53 [1231] <f..T.... tse10Abstract.html
2010/05/05 16:54:53 [1231] <f..T.... wacc99.pdf
2010/05/05 16:54:53 [1231] <f..T.... weh08.pdf
2010/05/05 16:54:53 [1231] <f..T.... weh08Abstract.html
2010/05/05 16:54:54 [1231] sent 2062 bytes  received 113750 bytes  total size 37786470
