2009/01/08 14:43:28 [1976] building file list
2009/01/08 14:43:29 [1976] <f+++++++ .DS_Store
2009/01/08 14:43:29 [1976] <f..T.... continuation.jpeg
2009/01/08 14:43:29 [1976] <f..T.... control-flow.jpeg
2009/01/08 14:43:29 [1976] <f..T.... formal semantics
2009/01/08 14:43:29 [1976] <f..T.... formal_semantics.doc
2009/01/08 14:43:29 [1976] <f..T.... index.html
2009/01/08 14:43:29 [1976] <f..T.... lateral_dataflow.html
2009/01/08 14:43:29 [1976] <f..T.... legend-extended.jpeg
2009/01/08 14:43:29 [1976] <f..T.... ljil-fsp-2.1.8.jar
2009/01/08 14:43:29 [1976] <f..T.... ljil-introspector.jar
2009/01/08 14:43:29 [1976] <f..T.... ljil-overview.html
2009/01/08 14:43:29 [1976] <f..T.... ljilweb.tar
2009/01/08 14:43:29 [1976] <f..T.... vote.gif
2009/01/08 14:43:29 [1976] <f..T.... checker/index.html
2009/01/08 14:43:30 [1976] <f..T.... checker/images/checkerlogo.png
2009/01/08 14:43:30 [1976] <f..T.... checker/images/checkerui-small.png
2009/01/08 14:43:30 [1976] <f..T.... checker/images/checkerui.gif
2009/01/08 14:43:30 [1976] <f..T.... checker/images/ljil-schema.png
2009/01/08 14:43:30 [1976] <f..T.... ltsa/index.html
2009/01/08 14:43:30 [1976] <f..T.... ltsa/images/modelcheckerlogo.gif
2009/01/08 14:43:30 [1976] <f..T.... ltsa/images/modelcheckerlogo.png
2009/01/08 14:43:30 [1976] <f..T.... ltsa/images/modelcheckerlogo.psd
2009/01/08 14:43:30 [1976] <f..T.... patterns/.DS_Store
2009/01/08 14:43:30 [1976] <f..T.... patterns/index.html
2009/01/08 14:43:30 [1976] <f+++++++ patterns/ExceptionHandling/AutoRepair.jpg
2009/01/08 14:43:30 [1976] <f..T.... patterns/ExceptionHandling/BookHotelLjil.jpg
2009/01/08 14:43:30 [1976] <f..T.... patterns/ExceptionHandling/BookHotelUML.jpg
2009/01/08 14:43:30 [1976] <f..T.... patterns/ExceptionHandling/Chemotherapy.jpg
2009/01/08 14:43:30 [1976] <f..T.... patterns/ExceptionHandling/CodeAndTest.jpg
2009/01/08 14:43:30 [1976] <f..T.... patterns/ExceptionHandling/CodeFixReject.jpg
2009/01/08 14:43:30 [1976] <f..T.... patterns/ExceptionHandling/ContractNegotiation.jpg
2009/01/08 14:43:30 [1976] <f..T.... patterns/ExceptionHandling/ContractNegotiation.tiff
2009/01/08 14:43:30 [1976] <f.sT.... patterns/ExceptionHandling/DeferredFixing.html
2009/01/08 14:43:30 [1976] <f..T.... patterns/ExceptionHandling/DeferredFixing.jpg
2009/01/08 14:43:30 [1976] <f..T.... patterns/ExceptionHandling/DeferredFixing.tiff
2009/01/08 14:43:30 [1976] <f..T.... patterns/ExceptionHandling/ImmediateFixing.html
2009/01/08 14:43:30 [1976] <f..T.... patterns/ExceptionHandling/ImmediateFixing.jpg
2009/01/08 14:43:30 [1976] <f..T.... patterns/ExceptionHandling/ImmediateFixing.tiff
2009/01/08 14:43:30 [1976] <f..T.... patterns/ExceptionHandling/Implement.jpg
2009/01/08 14:43:30 [1976] <f..T.... patterns/ExceptionHandling/ImplementUML.jpg
2009/01/08 14:43:30 [1976] <f..T.... patterns/ExceptionHandling/MediationRework.jpg
2009/01/08 14:43:30 [1976] <f..T.... patterns/ExceptionHandling/OrderedAlternativeUML.jpg
2009/01/08 14:43:30 [1976] <f+++++++ patterns/ExceptionHandling/OrderedAlternativeUML2.jpg
2009/01/08 14:43:30 [1976] <f+++++++ patterns/ExceptionHandling/OrderedAlternativeUML3.jpg
2009/01/08 14:43:30 [1976] <f.sT.... patterns/ExceptionHandling/OrderedAlternatives.html
2009/01/08 14:43:30 [1976] <f..T.... patterns/ExceptionHandling/OrderedAlternatives.jpg
2009/01/08 14:43:30 [1976] <f..T.... patterns/ExceptionHandling/PaperReject.jpg
2009/01/08 14:43:30 [1976] <f..T.... patterns/ExceptionHandling/Reject.html
2009/01/08 14:43:30 [1976] <f..T.... patterns/ExceptionHandling/Reject.jpg
2009/01/08 14:43:30 [1976] <f..T.... patterns/ExceptionHandling/ReplanTrip.jpg
2009/01/08 14:43:30 [1976] <f..T.... patterns/ExceptionHandling/RequirementsRework.jpg
2009/01/08 14:43:30 [1976] <f..T.... patterns/ExceptionHandling/ReserveFlight.jpg
2009/01/08 14:43:30 [1976] <f.sT.... patterns/ExceptionHandling/Rework.html
2009/01/08 14:43:30 [1976] <f..T.... patterns/ExceptionHandling/ShipOrderLJil.jpg
2009/01/08 14:43:30 [1976] <f..T.... patterns/ExceptionHandling/ShipOrderUML.jpg
2009/01/08 14:43:30 [1976] <f..T.... patterns/ExceptionHandling/UnorderedAlternativeUML.jpg
2009/01/08 14:43:30 [1976] <f+++++++ patterns/ExceptionHandling/UnorderedAlternativeUML2.jpg
2009/01/08 14:43:30 [1976] <f.sT.... patterns/ExceptionHandling/UnorderedAlternatives.html
2009/01/08 14:43:30 [1976] <f..T.... patterns/ExceptionHandling/UnorderedAlternatives.jpg
2009/01/08 14:43:30 [1976] <f..T.... patterns/ExceptionHandling/index.html
2009/01/08 14:43:30 [1976] sent 248180 bytes  received 36078 bytes  total size 7070292
2009/01/08 15:04:42 [1983] building file list
2009/01/08 15:04:42 [1983] <f..T.... .DS_Store
2009/01/08 15:04:42 [1983] <f..T.... continuation.jpeg
2009/01/08 15:04:42 [1983] <f..T.... control-flow.jpeg
2009/01/08 15:04:42 [1983] <f..T.... formal semantics
2009/01/08 15:04:42 [1983] <f..T.... formal_semantics.doc
2009/01/08 15:04:42 [1983] <f..T.... index.html
2009/01/08 15:04:42 [1983] <f..T.... lateral_dataflow.html
2009/01/08 15:04:42 [1983] <f..T.... legend-extended.jpeg
2009/01/08 15:04:42 [1983] <f..T.... ljil-fsp-2.1.8.jar
2009/01/08 15:04:42 [1983] <f..T.... ljil-introspector.jar
2009/01/08 15:04:42 [1983] <f..T.... ljil-overview.html
2009/01/08 15:04:42 [1983] <f..T.... ljilweb.tar
2009/01/08 15:04:42 [1983] <f..T.... vote.gif
2009/01/08 15:04:42 [1983] <f..T.... checker/index.html
2009/01/08 15:04:42 [1983] <f..T.... checker/images/checkerlogo.png
2009/01/08 15:04:42 [1983] <f..T.... checker/images/checkerui-small.png
2009/01/08 15:04:42 [1983] <f..T.... checker/images/checkerui.gif
2009/01/08 15:04:42 [1983] <f..T.... checker/images/ljil-schema.png
2009/01/08 15:04:42 [1983] <f..T.... ltsa/index.html
2009/01/08 15:04:42 [1983] <f..T.... ltsa/images/modelcheckerlogo.gif
2009/01/08 15:04:42 [1983] <f..T.... ltsa/images/modelcheckerlogo.png
2009/01/08 15:04:42 [1983] <f..T.... ltsa/images/modelcheckerlogo.psd
2009/01/08 15:04:42 [1983] <f..T.... patterns/.DS_Store
2009/01/08 15:04:42 [1983] <f..T.... patterns/index.html
2009/01/08 15:04:42 [1983] <f..T.... patterns/ExceptionHandling/AutoRepair.jpg
2009/01/08 15:04:42 [1983] <f..T.... patterns/ExceptionHandling/BookHotelLjil.jpg
2009/01/08 15:04:42 [1983] <f..T.... patterns/ExceptionHandling/BookHotelUML.jpg
2009/01/08 15:04:42 [1983] <f..T.... patterns/ExceptionHandling/Chemotherapy.jpg
2009/01/08 15:04:42 [1983] <f..T.... patterns/ExceptionHandling/CodeAndTest.jpg
2009/01/08 15:04:42 [1983] <f..T.... patterns/ExceptionHandling/CodeFixReject.jpg
2009/01/08 15:04:42 [1983] <f..T.... patterns/ExceptionHandling/ContractNegotiation.jpg
2009/01/08 15:04:42 [1983] <f..T.... patterns/ExceptionHandling/ContractNegotiation.tiff
2009/01/08 15:04:42 [1983] <f..T.... patterns/ExceptionHandling/DeferredFixing.html
2009/01/08 15:04:42 [1983] <f..T.... patterns/ExceptionHandling/DeferredFixing.jpg
2009/01/08 15:04:42 [1983] <f..T.... patterns/ExceptionHandling/DeferredFixing.tiff
2009/01/08 15:04:42 [1983] <f..T.... patterns/ExceptionHandling/ImmediateFixing.html
2009/01/08 15:04:42 [1983] <f..T.... patterns/ExceptionHandling/ImmediateFixing.jpg
2009/01/08 15:04:42 [1983] <f..T.... patterns/ExceptionHandling/ImmediateFixing.tiff
2009/01/08 15:04:42 [1983] <f..T.... patterns/ExceptionHandling/Implement.jpg
2009/01/08 15:04:42 [1983] <f..T.... patterns/ExceptionHandling/ImplementUML.jpg
2009/01/08 15:04:42 [1983] <f..T.... patterns/ExceptionHandling/MediationRework.jpg
2009/01/08 15:04:42 [1983] <f..T.... patterns/ExceptionHandling/OrderedAlternativeUML.jpg
2009/01/08 15:04:42 [1983] <f..T.... patterns/ExceptionHandling/OrderedAlternativeUML2.jpg
2009/01/08 15:04:42 [1983] <f..T.... patterns/ExceptionHandling/OrderedAlternativeUML3.jpg
2009/01/08 15:04:42 [1983] <f..T.... patterns/ExceptionHandling/OrderedAlternatives.html
2009/01/08 15:04:42 [1983] <f..T.... patterns/ExceptionHandling/OrderedAlternatives.jpg
2009/01/08 15:04:42 [1983] <f..T.... patterns/ExceptionHandling/PaperReject.jpg
2009/01/08 15:04:42 [1983] <f..T.... patterns/ExceptionHandling/Reject.html
2009/01/08 15:04:42 [1983] <f..T.... patterns/ExceptionHandling/Reject.jpg
2009/01/08 15:04:42 [1983] <f..T.... patterns/ExceptionHandling/ReplanTrip.jpg
2009/01/08 15:04:42 [1983] <f..T.... patterns/ExceptionHandling/RequirementsRework.jpg
2009/01/08 15:04:42 [1983] <f..T.... patterns/ExceptionHandling/ReserveFlight.jpg
2009/01/08 15:04:42 [1983] <f..T.... patterns/ExceptionHandling/Rework.html
2009/01/08 15:04:42 [1983] <f..T.... patterns/ExceptionHandling/ShipOrderLJil.jpg
2009/01/08 15:04:42 [1983] <f..T.... patterns/ExceptionHandling/ShipOrderUML.jpg
2009/01/08 15:04:42 [1983] <f..T.... patterns/ExceptionHandling/UnorderedAlternativeUML.jpg
2009/01/08 15:04:42 [1983] <f..T.... patterns/ExceptionHandling/UnorderedAlternativeUML2.jpg
2009/01/08 15:04:42 [1983] <f..T.... patterns/ExceptionHandling/UnorderedAlternatives.html
2009/01/08 15:04:42 [1983] <f..T.... patterns/ExceptionHandling/UnorderedAlternatives.jpg
2009/01/08 15:04:42 [1983] <f..T.... patterns/ExceptionHandling/index.html
2009/01/08 15:04:43 [1983] sent 4040 bytes  received 38688 bytes  total size 7070292
2009/01/08 15:05:34 [1989] building file list
2009/01/08 15:05:34 [1989] <f..T.... .DS_Store
2009/01/08 15:05:34 [1989] <f..T.... continuation.jpeg
2009/01/08 15:05:34 [1989] <f..T.... control-flow.jpeg
2009/01/08 15:05:34 [1989] <f..T.... formal semantics
2009/01/08 15:05:34 [1989] <f..T.... formal_semantics.doc
2009/01/08 15:05:34 [1989] <f..T.... index.html
2009/01/08 15:05:34 [1989] <f..T.... lateral_dataflow.html
2009/01/08 15:05:34 [1989] <f..T.... legend-extended.jpeg
2009/01/08 15:05:34 [1989] <f..T.... ljil-fsp-2.1.8.jar
2009/01/08 15:05:34 [1989] <f..T.... ljil-introspector.jar
2009/01/08 15:05:34 [1989] <f..T.... ljil-overview.html
2009/01/08 15:05:34 [1989] <f..T.... ljilweb.tar
2009/01/08 15:05:34 [1989] <f..T.... vote.gif
2009/01/08 15:05:34 [1989] <f..T.... checker/index.html
2009/01/08 15:05:34 [1989] <f..T.... checker/images/checkerlogo.png
2009/01/08 15:05:34 [1989] <f..T.... checker/images/checkerui-small.png
2009/01/08 15:05:34 [1989] <f..T.... checker/images/checkerui.gif
2009/01/08 15:05:34 [1989] <f..T.... checker/images/ljil-schema.png
2009/01/08 15:05:34 [1989] <f..T.... ltsa/index.html
2009/01/08 15:05:34 [1989] <f..T.... ltsa/images/modelcheckerlogo.gif
2009/01/08 15:05:34 [1989] <f..T.... ltsa/images/modelcheckerlogo.png
2009/01/08 15:05:34 [1989] <f..T.... ltsa/images/modelcheckerlogo.psd
2009/01/08 15:05:34 [1989] <f..T.... patterns/.DS_Store
2009/01/08 15:05:34 [1989] <f..T.... patterns/index.html
2009/01/08 15:05:34 [1989] <f..T.... patterns/ExceptionHandling/AutoRepair.jpg
2009/01/08 15:05:34 [1989] <f..T.... patterns/ExceptionHandling/BookHotelLjil.jpg
2009/01/08 15:05:34 [1989] <f..T.... patterns/ExceptionHandling/BookHotelUML.jpg
2009/01/08 15:05:34 [1989] <f..T.... patterns/ExceptionHandling/Chemotherapy.jpg
2009/01/08 15:05:34 [1989] <f..T.... patterns/ExceptionHandling/CodeAndTest.jpg
2009/01/08 15:05:34 [1989] <f..T.... patterns/ExceptionHandling/CodeFixReject.jpg
2009/01/08 15:05:34 [1989] <f..T.... patterns/ExceptionHandling/ContractNegotiation.jpg
2009/01/08 15:05:34 [1989] <f..T.... patterns/ExceptionHandling/ContractNegotiation.tiff
2009/01/08 15:05:34 [1989] <f..T.... patterns/ExceptionHandling/DeferredFixing.html
2009/01/08 15:05:34 [1989] <f..T.... patterns/ExceptionHandling/DeferredFixing.jpg
2009/01/08 15:05:34 [1989] <f..T.... patterns/ExceptionHandling/DeferredFixing.tiff
2009/01/08 15:05:34 [1989] <f..T.... patterns/ExceptionHandling/ImmediateFixing.html
2009/01/08 15:05:34 [1989] <f..T.... patterns/ExceptionHandling/ImmediateFixing.jpg
2009/01/08 15:05:34 [1989] <f..T.... patterns/ExceptionHandling/ImmediateFixing.tiff
2009/01/08 15:05:34 [1989] <f..T.... patterns/ExceptionHandling/Implement.jpg
2009/01/08 15:05:34 [1989] <f..T.... patterns/ExceptionHandling/ImplementUML.jpg
2009/01/08 15:05:34 [1989] <f..T.... patterns/ExceptionHandling/MediationRework.jpg
2009/01/08 15:05:34 [1989] <f..T.... patterns/ExceptionHandling/OrderedAlternativeUML.jpg
2009/01/08 15:05:34 [1989] <f..T.... patterns/ExceptionHandling/OrderedAlternativeUML2.jpg
2009/01/08 15:05:34 [1989] <f..T.... patterns/ExceptionHandling/OrderedAlternativeUML3.jpg
2009/01/08 15:05:34 [1989] <f..T.... patterns/ExceptionHandling/OrderedAlternatives.html
2009/01/08 15:05:34 [1989] <f..T.... patterns/ExceptionHandling/OrderedAlternatives.jpg
2009/01/08 15:05:34 [1989] <f..T.... patterns/ExceptionHandling/PaperReject.jpg
2009/01/08 15:05:34 [1989] <f..T.... patterns/ExceptionHandling/Reject.html
2009/01/08 15:05:34 [1989] <f..T.... patterns/ExceptionHandling/Reject.jpg
2009/01/08 15:05:34 [1989] <f..T.... patterns/ExceptionHandling/ReplanTrip.jpg
2009/01/08 15:05:34 [1989] <f..T.... patterns/ExceptionHandling/RequirementsRework.jpg
2009/01/08 15:05:34 [1989] <f..T.... patterns/ExceptionHandling/ReserveFlight.jpg
2009/01/08 15:05:34 [1989] <f..T.... patterns/ExceptionHandling/Rework.html
2009/01/08 15:05:34 [1989] <f..T.... patterns/ExceptionHandling/ShipOrderLJil.jpg
2009/01/08 15:05:34 [1989] <f..T.... patterns/ExceptionHandling/ShipOrderUML.jpg
2009/01/08 15:05:34 [1989] <f..T.... patterns/ExceptionHandling/UnorderedAlternativeUML.jpg
2009/01/08 15:05:34 [1989] <f..T.... patterns/ExceptionHandling/UnorderedAlternativeUML2.jpg
2009/01/08 15:05:34 [1989] <f..T.... patterns/ExceptionHandling/UnorderedAlternatives.html
2009/01/08 15:05:34 [1989] <f..T.... patterns/ExceptionHandling/UnorderedAlternatives.jpg
2009/01/08 15:05:34 [1989] <f..T.... patterns/ExceptionHandling/index.html
2009/01/08 15:05:34 [1989] sent 4040 bytes  received 38688 bytes  total size 7070292
